build/app/outputs/mapping/release/mapping.txt
# compiler: R8
# compiler_version: 1.5.64
# min_api: 19
# pg_map_id: 1dca44c
com.smarttersstudio.learning_app.MainActivity -> com.smarttersstudio.learning_app.MainActivity:
    void configureFlutterEngine(io.flutter.embedding.engine.FlutterEngine) -> b
...
com.google.android.gms.internal.measurement.zzau -> c.b.a.a.e.f.n:
    java.lang.String zzc -> f
    com.google.android.gms.internal.measurement.zzk zzd -> g
    com.google.android.gms.internal.measurement.zzx zze -> h
    void zza() -> a
    void zzb() -> b
com.google.android.gms.internal.measurement.zzay -> c.b.a.a.e.f.o:
    com.google.android.gms.internal.measurement.zzx zzd -> g
    boolean zzc -> f
    void zza() -> a
com.google.android.gms.internal.measurement.zzb -> c.b.a.a.e.f.p:
    java.lang.ClassLoader zza -> a
    android.os.Parcelable zza(android.os.Parcel,android.os.Parcelable$Creator) -> a
    void zza(android.os.Parcel,android.os.IInterface) -> a
    void zza(android.os.Parcel,android.os.Parcelable) -> a
    void zza(android.os.Parcel,boolean) -> a
    boolean zza(android.os.Parcel) -> a
    java.util.HashMap zzb(android.os.Parcel) -> b
com.google.android.gms.internal.measurement.zzba -> c.b.a.a.e.f.q:
    java.lang.String zzd -> g
    java.lang.String zze -> h
    boolean zzg -> j
    boolean zzh -> k
    android.os.Bundle zzf -> i
    java.lang.Long zzc -> f
    com.google.android.gms.internal.measurement.zzx zzi -> l
    void zza() -> a
com.google.android.gms.internal.measurement.zzbb -> c.b.a.a.e.f.r:
    com.google.android.gms.internal.measurement.zzx zzd -> g
    android.os.Bundle zzc -> f
    void zza() -> a
com.google.android.gms.internal.measurement.zzbc -> c.b.a.a.e.f.s:
    com.google.android.gms.internal.measurement.zzx$zzd zze -> h
    android.app.Activity zzc -> f
    android.os.Bundle zzd -> g
    void zza() -> a
com.google.android.gms.internal.measurement.zzbd -> c.b.a.a.e.f.t:
    com.google.android.gms.internal.measurement.zzx$zzd zzd -> g
    android.app.Activity zzc -> f
    void zza() -> a
com.google.android.gms.internal.measurement.zzbe -> c.b.a.a.e.f.u:
    com.google.android.gms.internal.measurement.zzx$zzd zzd -> g
    android.app.Activity zzc -> f
    void zza() -> a
com.google.android.gms.internal.measurement.zzbf -> c.b.a.a.e.f.v:
    com.google.android.gms.internal.measurement.zzx$zzd zzd -> g
    android.app.Activity zzc -> f
    void zza() -> a
com.google.android.gms.internal.measurement.zzbg -> c.b.a.a.e.f.w:
    com.google.android.gms.internal.measurement.zzx$zzd zzd -> g
    android.app.Activity zzc -> f
    void zza() -> a
com.google.android.gms.internal.measurement.zzbh -> c.b.a.a.e.f.x:
    com.google.android.gms.internal.measurement.zzx$zzd zzd -> g
    android.app.Activity zzc -> f
    void zza() -> a
com.google.android.gms.internal.measurement.zzbi -> c.b.a.a.e.f.y:
    com.google.android.gms.internal.measurement.zzx$zzd zze -> h
    android.app.Activity zzc -> f
    com.google.android.gms.internal.measurement.zzk zzd -> g
    void zza() -> a
com.google.android.gms.internal.measurement.zzbj -> c.b.a.a.e.f.z:
    int[] zza -> a
com.google.android.gms.internal.measurement.zzbk$zza -> c.b.a.a.e.f.a0:
    java.lang.Object zza(int,java.lang.Object,java.lang.Object) -> a
    void zza(int,com.google.android.gms.internal.measurement.zzbk$zzb) -> a
    void zza(int,com.google.android.gms.internal.measurement.zzbk$zze) -> a
    void zza(com.google.android.gms.internal.measurement.zzbk$zza,int,com.google.android.gms.internal.measurement.zzbk$zzb) -> a
    void zza(com.google.android.gms.internal.measurement.zzbk$zza,int,com.google.android.gms.internal.measurement.zzbk$zze) -> a
    com.google.android.gms.internal.measurement.zzbk$zze zza(int) -> b
    com.google.android.gms.internal.measurement.zzbk$zzb zzb(int) -> c
    boolean zza() -> n
    int zzb() -> o
    java.util.List zzc() -> q
    int zzd() -> r
    java.util.List zze() -> s
    int zzf() -> t
    com.google.android.gms.internal.measurement.zzbk$zza zzg() -> u